Command line:
   p4ej1_tb_isim_beh.exe
     -simmode  gui
     -simrunnum  0
     -socket  61994

Wed Dec 01 12:26:30 2021


 Elaboration Time: 0.015625 sec

 Current Memory Usage: 5150.42 Meg

 Total Signals          : 246
 Total Nets             : 121
 Total Signal Drivers   : 83
 Total Blocks           : 52
 Total Primitive Blocks : 48
 Total Processes        : 93
 Total Traceable Variables  : 63
 Total Scalar Nets and Variables : 1282
Total Line Count : 121
Total Line Count : 121

 Total Simulation Time: 118.781 sec

 Current Memory Usage: 4678.56 Meg

Wed Dec 01 12:28:46 2021

