Command line:
   P1EJ1a_tb_isim_beh.exe
     -simmode  gui
     -simrunnum  0
     -socket  56681

Tue Oct 05 19:56:22 2021


 Elaboration Time: 0.015625 sec

 Current Memory Usage: 5150.4 Meg

 Total Signals          : 80
 Total Nets             : 59
 Total Signal Drivers   : 23
 Total Blocks           : 17
 Total Primitive Blocks : 15
 Total Processes        : 24
 Total Traceable Variables  : 35
 Total Scalar Nets and Variables : 642
Total Line Count : 22
Total Line Count : 22

 Total Simulation Time: 0.046875 sec

 Current Memory Usage: 5150.4 Meg

Tue Oct 05 19:56:46 2021

