Command line:
   P1EJ3a_tb_isim_beh.exe
     -simmode  gui
     -simrunnum  0
     -socket  54279

Sat Sep 25 13:08:34 2021


 Elaboration Time: 0.03125 sec

 Current Memory Usage: 5150.35 Meg

 Total Signals          : 59
 Total Nets             : 49
 Total Signal Drivers   : 16
 Total Blocks           : 11
 Total Primitive Blocks : 9
 Total Processes        : 15
 Total Traceable Variables  : 33
 Total Scalar Nets and Variables : 614
Total Line Count : 40
Total Line Count : 40

 Total Simulation Time: 0.03125 sec

 Current Memory Usage: 4993.06 Meg

Sat Sep 25 13:09:35 2021

